<?xml version="1.0" encoding="UTF-8"?>
<!-- Generated by org.testng.reporters.JUnitXMLReporter -->
<testsuite ignored="0" hostname="KastriotBlakajs-MacBook-Pro.local" failures="0" tests="4" name="Default test" time="0.037" errors="0" timestamp="2021-02-16T17:14:37 CET">
  <testcase classname="dataProvider.TestParameterExample" name="testAddition" time="0.005"/>
  <testcase classname="dataProvider.TestParameterExample" name="testAddition" time="0.0"/>
  <testcase classname="dataProvider.TestParameterExample" name="testAddition" time="0.001"/>
  <testcase classname="dataProvider.TestParameterExample" name="testAddition" time="0.0"/>
</testsuite> <!-- Default test -->
