<?xml version="1.0" encoding="UTF-8"?>
<!-- Generated by org.testng.reporters.JUnitXMLReporter -->
<testsuite ignored="0" hostname="KastriotBlakajs-MacBook-Pro.local" failures="0" tests="4" name="Default test" time="0.032" errors="0" timestamp="2021-02-16T14:53:12 CET">
  <testcase classname="groups.groupClass" name="class1" time="0.006"/>
  <testcase classname="groups.groupClass" name="class2" time="0.0"/>
  <testcase classname="groups.groupClass" name="class3" time="0.001"/>
  <testcase classname="groups.groupClass" name="class4" time="0.0"/>
</testsuite> <!-- Default test -->
