<?xml version="1.0" encoding="UTF-8"?>
<!-- Generated by org.testng.reporters.JUnitXMLReporter -->
<testsuite ignored="3" hostname="KastriotBlakajs-MacBook-Pro.local" failures="0" tests="1" name="MultiDependency" time="0.028" errors="0" timestamp="2021-02-16T15:57:15 CET">
  <testcase classname="MultiDependency.multiTestDependency" name="start" time="0.006"/>
  <testcase classname="MultiDependency.multiTestDependency" name="init" time="0.0">
    <ignored/>
  </testcase> <!-- init -->
  <testcase classname="MultiDependency.multiTestDependency" name="process" time="0.0">
    <ignored/>
  </testcase> <!-- process -->
  <testcase classname="MultiDependency.multiTestDependency" name="stop" time="0.0">
    <ignored/>
  </testcase> <!-- stop -->
</testsuite> <!-- MultiDependency -->
