<?xml version="1.0" encoding="UTF-8"?>
<testng-results ignored="0" total="1" passed="1" failed="0" skipped="0">
  <reporter-output>
  </reporter-output>
  <suite started-at="2021-02-15T23:05:43 CET" name="Default suite" finished-at="2021-02-15T23:05:43 CET" duration-ms="37">
    <groups>
    </groups>
    <test started-at="2021-02-15T23:05:43 CET" name="Default test" finished-at="2021-02-15T23:05:43 CET" duration-ms="37">
      <class name="test.test">
        <test-method signature="maisn1()[pri:0, instance:test.test@ca263c2]" started-at="2021-02-15T23:05:43 CET" name="maisn1" finished-at="2021-02-15T23:05:43 CET" duration-ms="8" status="PASS">
          <reporter-output>
          </reporter-output>
        </test-method> <!-- maisn1 -->
      </class> <!-- test.test -->
    </test> <!-- Default test -->
  </suite> <!-- Default suite -->
</testng-results>
