<?xml version="1.0" encoding="UTF-8"?>
<testng-results ignored="0" total="4" passed="4" failed="0" skipped="0">
  <reporter-output>
  </reporter-output>
  <suite started-at="2021-02-16T17:14:32 CET" name="Default suite" finished-at="2021-02-16T17:14:32 CET" duration-ms="37">
    <groups>
    </groups>
    <test started-at="2021-02-16T17:14:32 CET" name="Default test" finished-at="2021-02-16T17:14:32 CET" duration-ms="37">
      <class name="dataProvider.TestParameterExample">
        <test-method signature="testAddition(int, int)[pri:0, instance:dataProvider.TestParameterExample@3ec300f1]" started-at="2021-02-16T17:14:32 CET" name="testAddition" data-provider="SecondChance" finished-at="2021-02-16T17:14:32 CET" duration-ms="5" status="PASS">
          <params>
            <param index="0">
              <value>
                <![CDATA[100]]>
              </value>
            </param>
            <param index="1">
              <value>
                <![CDATA[120]]>
              </value>
            </param>
          </params>
          <reporter-output>
          </reporter-output>
        </test-method> <!-- testAddition -->
        <test-method signature="testAddition(int, int)[pri:0, instance:dataProvider.TestParameterExample@3ec300f1]" started-at="2021-02-16T17:14:32 CET" name="testAddition" data-provider="SecondChance" finished-at="2021-02-16T17:14:32 CET" duration-ms="0" status="PASS">
          <params>
            <param index="0">
              <value>
                <![CDATA[200]]>
              </value>
            </param>
            <param index="1">
              <value>
                <![CDATA[220]]>
              </value>
            </param>
          </params>
          <reporter-output>
          </reporter-output>
        </test-method> <!-- testAddition -->
        <test-method signature="testAddition(int, int)[pri:0, instance:dataProvider.TestParameterExample@3ec300f1]" started-at="2021-02-16T17:14:32 CET" name="testAddition" data-provider="SecondChance" finished-at="2021-02-16T17:14:32 CET" duration-ms="1" status="PASS">
          <params>
            <param index="0">
              <value>
                <![CDATA[300]]>
              </value>
            </param>
            <param index="1">
              <value>
                <![CDATA[320]]>
              </value>
            </param>
          </params>
          <reporter-output>
          </reporter-output>
        </test-method> <!-- testAddition -->
        <test-method signature="testAddition(int, int)[pri:0, instance:dataProvider.TestParameterExample@3ec300f1]" started-at="2021-02-16T17:14:32 CET" name="testAddition" data-provider="SecondChance" finished-at="2021-02-16T17:14:32 CET" duration-ms="0" status="PASS">
          <params>
            <param index="0">
              <value>
                <![CDATA[400]]>
              </value>
            </param>
            <param index="1">
              <value>
                <![CDATA[420]]>
              </value>
            </param>
          </params>
          <reporter-output>
          </reporter-output>
        </test-method> <!-- testAddition -->
      </class> <!-- dataProvider.TestParameterExample -->
    </test> <!-- Default test -->
  </suite> <!-- Default suite -->
</testng-results>
